Fri Feb 11 00:18:39 GMT 2022 : Apache Derby Network Server - 10.14.2.0 - (1828579) started and ready to accept connections on port 1527
----------------------------------------------------------------
Fri Feb 11 00:26:48 GMT 2022:
Booting Derby version The Apache Software Foundation - Apache Derby - 10.14.2.0 - (1828579): instance a816c00e-017e-e625-6e85-ffffd1f9d8fa 
on database directory C:\Users\culle\Downloads\Bills\app\databases\BootsDB with class loader jdk.internal.loader.ClassLoaders$AppClassLoader@2cdf8d8a 
Loaded from file:/C:/Users/culle/Apache%20Software%20Foundation/derby10/lib/derby.jar
java.vendor=Oracle Corporation
java.runtime.version=11.0.13+10-LTS-370
user.dir=C:\Users\culle\Apache Software Foundation\derby10
os.name=Windows 10
os.arch=amd64
os.version=10.0
derby.system.home=C:\Users\culle\Downloads\Bills\app\databases
Database Class Loader started - derby.database.classpath=''
----------------------------------------------------------------
Fri Feb 11 03:02:44 GMT 2022: Shutting down Derby engine
----------------------------------------------------------------
Fri Feb 11 03:02:44 GMT 2022:
Shutting down instance a816c00e-017e-e625-6e85-ffffd1f9d8fa on database directory C:\Users\culle\Downloads\Bills\app\databases\BootsDB with class loader jdk.internal.loader.ClassLoaders$AppClassLoader@2cdf8d8a 
----------------------------------------------------------------
